{"/Users/jack/Documents/rose/js-jest/src/gilded_rose.js": {"path":"/Users/jack/Documents/rose/js-jest/src/gilded_rose.js","statementMap":{"0":{"start":{"line":3,"column":4},"end":{"line":3,"column":21}},"1":{"start":{"line":4,"column":4},"end":{"line":4,"column":25}},"2":{"start":{"line":5,"column":4},"end":{"line":5,"column":27}},"3":{"start":{"line":11,"column":4},"end":{"line":11,"column":23}},"4":{"start":{"line":14,"column":4},"end":{"line":70,"column":5}},"5":{"start":{"line":14,"column":17},"end":{"line":14,"column":18}},"6":{"start":{"line":16,"column":6},"end":{"line":49,"column":7}},"7":{"start":{"line":18,"column":8},"end":{"line":24,"column":9}},"8":{"start":{"line":20,"column":10},"end":{"line":22,"column":11}},"9":{"start":{"line":21,"column":12},"end":{"line":21,"column":62}},"10":{"start":{"line":27,"column":8},"end":{"line":48,"column":9}},"11":{"start":{"line":29,"column":10},"end":{"line":29,"column":60}},"12":{"start":{"line":31,"column":10},"end":{"line":47,"column":11}},"13":{"start":{"line":33,"column":12},"end":{"line":39,"column":13}},"14":{"start":{"line":35,"column":14},"end":{"line":38,"column":15}},"15":{"start":{"line":37,"column":16},"end":{"line":37,"column":66}},"16":{"start":{"line":41,"column":12},"end":{"line":46,"column":13}},"17":{"start":{"line":42,"column":14},"end":{"line":45,"column":15}},"18":{"start":{"line":44,"column":16},"end":{"line":44,"column":66}},"19":{"start":{"line":50,"column":6},"end":{"line":52,"column":7}},"20":{"start":{"line":51,"column":8},"end":{"line":51,"column":56}},"21":{"start":{"line":53,"column":6},"end":{"line":69,"column":7}},"22":{"start":{"line":54,"column":8},"end":{"line":68,"column":9}},"23":{"start":{"line":55,"column":10},"end":{"line":63,"column":11}},"24":{"start":{"line":56,"column":12},"end":{"line":60,"column":13}},"25":{"start":{"line":57,"column":14},"end":{"line":59,"column":15}},"26":{"start":{"line":58,"column":16},"end":{"line":58,"column":66}},"27":{"start":{"line":62,"column":12},"end":{"line":62,"column":82}},"28":{"start":{"line":65,"column":10},"end":{"line":67,"column":11}},"29":{"start":{"line":66,"column":12},"end":{"line":66,"column":62}},"30":{"start":{"line":72,"column":4},"end":{"line":72,"column":22}},"31":{"start":{"line":76,"column":0},"end":{"line":79,"column":1}}},"fnMap":{"0":{"name":"(anonymous_0)","decl":{"start":{"line":2,"column":2},"end":{"line":2,"column":3}},"loc":{"start":{"line":2,"column":36},"end":{"line":6,"column":3}},"line":2},"1":{"name":"(anonymous_1)","decl":{"start":{"line":10,"column":2},"end":{"line":10,"column":3}},"loc":{"start":{"line":10,"column":23},"end":{"line":12,"column":3}},"line":10},"2":{"name":"(anonymous_2)","decl":{"start":{"line":13,"column":2},"end":{"line":13,"column":3}},"loc":{"start":{"line":13,"column":18},"end":{"line":73,"column":3}},"line":13}},"branchMap":{"0":{"loc":{"start":{"line":10,"column":14},"end":{"line":10,"column":22}},"type":"default-arg","locations":[{"start":{"line":10,"column":20},"end":{"line":10,"column":22}}],"line":10},"1":{"loc":{"start":{"line":16,"column":6},"end":{"line":49,"column":7}},"type":"if","locations":[{"start":{"line":16,"column":6},"end":{"line":49,"column":7}},{"start":{"line":16,"column":6},"end":{"line":49,"column":7}}],"line":16},"2":{"loc":{"start":{"line":16,"column":10},"end":{"line":16,"column":112}},"type":"binary-expr","locations":[{"start":{"line":16,"column":10},"end":{"line":16,"column":43}},{"start":{"line":16,"column":47},"end":{"line":16,"column":112}}],"line":16},"3":{"loc":{"start":{"line":18,"column":8},"end":{"line":24,"column":9}},"type":"if","locations":[{"start":{"line":18,"column":8},"end":{"line":24,"column":9}},{"start":{"line":18,"column":8},"end":{"line":24,"column":9}}],"line":18},"4":{"loc":{"start":{"line":20,"column":10},"end":{"line":22,"column":11}},"type":"if","locations":[{"start":{"line":20,"column":10},"end":{"line":22,"column":11}},{"start":{"line":20,"column":10},"end":{"line":22,"column":11}}],"line":20},"5":{"loc":{"start":{"line":27,"column":8},"end":{"line":48,"column":9}},"type":"if","locations":[{"start":{"line":27,"column":8},"end":{"line":48,"column":9}},{"start":{"line":27,"column":8},"end":{"line":48,"column":9}}],"line":27},"6":{"loc":{"start":{"line":31,"column":10},"end":{"line":47,"column":11}},"type":"if","locations":[{"start":{"line":31,"column":10},"end":{"line":47,"column":11}},{"start":{"line":31,"column":10},"end":{"line":47,"column":11}}],"line":31},"7":{"loc":{"start":{"line":33,"column":12},"end":{"line":39,"column":13}},"type":"if","locations":[{"start":{"line":33,"column":12},"end":{"line":39,"column":13}},{"start":{"line":33,"column":12},"end":{"line":39,"column":13}}],"line":33},"8":{"loc":{"start":{"line":35,"column":14},"end":{"line":38,"column":15}},"type":"if","locations":[{"start":{"line":35,"column":14},"end":{"line":38,"column":15}},{"start":{"line":35,"column":14},"end":{"line":38,"column":15}}],"line":35},"9":{"loc":{"start":{"line":41,"column":12},"end":{"line":46,"column":13}},"type":"if","locations":[{"start":{"line":41,"column":12},"end":{"line":46,"column":13}},{"start":{"line":41,"column":12},"end":{"line":46,"column":13}}],"line":41},"10":{"loc":{"start":{"line":42,"column":14},"end":{"line":45,"column":15}},"type":"if","locations":[{"start":{"line":42,"column":14},"end":{"line":45,"column":15}},{"start":{"line":42,"column":14},"end":{"line":45,"column":15}}],"line":42},"11":{"loc":{"start":{"line":50,"column":6},"end":{"line":52,"column":7}},"type":"if","locations":[{"start":{"line":50,"column":6},"end":{"line":52,"column":7}},{"start":{"line":50,"column":6},"end":{"line":52,"column":7}}],"line":50},"12":{"loc":{"start":{"line":53,"column":6},"end":{"line":69,"column":7}},"type":"if","locations":[{"start":{"line":53,"column":6},"end":{"line":69,"column":7}},{"start":{"line":53,"column":6},"end":{"line":69,"column":7}}],"line":53},"13":{"loc":{"start":{"line":54,"column":8},"end":{"line":68,"column":9}},"type":"if","locations":[{"start":{"line":54,"column":8},"end":{"line":68,"column":9}},{"start":{"line":54,"column":8},"end":{"line":68,"column":9}}],"line":54},"14":{"loc":{"start":{"line":55,"column":10},"end":{"line":63,"column":11}},"type":"if","locations":[{"start":{"line":55,"column":10},"end":{"line":63,"column":11}},{"start":{"line":55,"column":10},"end":{"line":63,"column":11}}],"line":55},"15":{"loc":{"start":{"line":56,"column":12},"end":{"line":60,"column":13}},"type":"if","locations":[{"start":{"line":56,"column":12},"end":{"line":60,"column":13}},{"start":{"line":56,"column":12},"end":{"line":60,"column":13}}],"line":56},"16":{"loc":{"start":{"line":57,"column":14},"end":{"line":59,"column":15}},"type":"if","locations":[{"start":{"line":57,"column":14},"end":{"line":59,"column":15}},{"start":{"line":57,"column":14},"end":{"line":59,"column":15}}],"line":57},"17":{"loc":{"start":{"line":65,"column":10},"end":{"line":67,"column":11}},"type":"if","locations":[{"start":{"line":65,"column":10},"end":{"line":67,"column":11}},{"start":{"line":65,"column":10},"end":{"line":67,"column":11}}],"line":65}},"s":{"0":17,"1":17,"2":17,"3":18,"4":17,"5":17,"6":17,"7":6,"8":5,"9":3,"10":11,"11":10,"12":10,"13":7,"14":6,"15":5,"16":7,"17":4,"18":3,"19":17,"20":15,"21":17,"22":8,"23":6,"24":4,"25":3,"26":2,"27":2,"28":2,"29":1,"30":17,"31":4},"f":{"0":17,"1":18,"2":17},"b":{"0":[1],"1":[6,11],"2":[17,13],"3":[5,1],"4":[3,2],"5":[10,1],"6":[7,3],"7":[6,1],"8":[5,1],"9":[4,3],"10":[3,1],"11":[15,2],"12":[8,9],"13":[6,2],"14":[4,2],"15":[3,1],"16":[2,1],"17":[1,1]},"_coverageSchema":"43e27e138ebf9cfc5966b082cf9a028302ed4184","hash":"8b5f78b6057d542fd018f869bf1f7ca1d89b9854"}
}
