{"/Users/jack/Documents/rose/js-jest/src/gilded_rose.js": {"path":"/Users/jack/Documents/rose/js-jest/src/gilded_rose.js","statementMap":{"0":{"start":{"line":3,"column":4},"end":{"line":3,"column":21}},"1":{"start":{"line":4,"column":4},"end":{"line":4,"column":25}},"2":{"start":{"line":5,"column":4},"end":{"line":5,"column":27}},"3":{"start":{"line":11,"column":4},"end":{"line":11,"column":23}},"4":{"start":{"line":15,"column":4},"end":{"line":94,"column":3}},"5":{"start":{"line":15,"column":17},"end":{"line":15,"column":18}},"6":{"start":{"line":16,"column":19},"end":{"line":16,"column":32}},"7":{"start":{"line":18,"column":26},"end":{"line":18,"column":28}},"8":{"start":{"line":19,"column":26},"end":{"line":19,"column":27}},"9":{"start":{"line":21,"column":29},"end":{"line":25,"column":7}},"10":{"start":{"line":22,"column":8},"end":{"line":24,"column":9}},"11":{"start":{"line":23,"column":10},"end":{"line":23,"column":28}},"12":{"start":{"line":26,"column":29},"end":{"line":30,"column":7}},"13":{"start":{"line":27,"column":8},"end":{"line":29,"column":9}},"14":{"start":{"line":28,"column":10},"end":{"line":28,"column":28}},"15":{"start":{"line":32,"column":28},"end":{"line":34,"column":7}},"16":{"start":{"line":33,"column":8},"end":{"line":33,"column":25}},"17":{"start":{"line":36,"column":22},"end":{"line":38,"column":7}},"18":{"start":{"line":37,"column":8},"end":{"line":37,"column":41}},"19":{"start":{"line":40,"column":28},"end":{"line":42,"column":7}},"20":{"start":{"line":41,"column":8},"end":{"line":41,"column":73}},"21":{"start":{"line":44,"column":27},"end":{"line":46,"column":7}},"22":{"start":{"line":45,"column":8},"end":{"line":45,"column":57}},"23":{"start":{"line":60,"column":4},"end":{"line":62,"column":9}},"24":{"start":{"line":61,"column":9},"end":{"line":61,"column":26}},"25":{"start":{"line":63,"column":8},"end":{"line":63,"column":30}},"26":{"start":{"line":65,"column":8},"end":{"line":77,"column":9}},"27":{"start":{"line":66,"column":10},"end":{"line":74,"column":11}},"28":{"start":{"line":67,"column":12},"end":{"line":67,"column":35}},"29":{"start":{"line":68,"column":12},"end":{"line":73,"column":13}},"30":{"start":{"line":69,"column":14},"end":{"line":69,"column":37}},"31":{"start":{"line":70,"column":14},"end":{"line":72,"column":15}},"32":{"start":{"line":71,"column":16},"end":{"line":71,"column":39}},"33":{"start":{"line":76,"column":10},"end":{"line":76,"column":33}},"34":{"start":{"line":81,"column":8},"end":{"line":93,"column":5}},"35":{"start":{"line":82,"column":9},"end":{"line":92,"column":7}},"36":{"start":{"line":83,"column":14},"end":{"line":83,"column":37}},"37":{"start":{"line":86,"column":11},"end":{"line":90,"column":13}},"38":{"start":{"line":87,"column":20},"end":{"line":87,"column":43}},"39":{"start":{"line":89,"column":13},"end":{"line":89,"column":42}},"40":{"start":{"line":95,"column":4},"end":{"line":95,"column":22}},"41":{"start":{"line":99,"column":0},"end":{"line":102,"column":1}}},"fnMap":{"0":{"name":"(anonymous_0)","decl":{"start":{"line":2,"column":2},"end":{"line":2,"column":3}},"loc":{"start":{"line":2,"column":36},"end":{"line":6,"column":3}},"line":2},"1":{"name":"(anonymous_1)","decl":{"start":{"line":10,"column":2},"end":{"line":10,"column":3}},"loc":{"start":{"line":10,"column":23},"end":{"line":12,"column":3}},"line":10},"2":{"name":"(anonymous_2)","decl":{"start":{"line":14,"column":2},"end":{"line":14,"column":3}},"loc":{"start":{"line":14,"column":18},"end":{"line":96,"column":3}},"line":14},"3":{"name":"(anonymous_3)","decl":{"start":{"line":21,"column":29},"end":{"line":21,"column":30}},"loc":{"start":{"line":21,"column":45},"end":{"line":25,"column":7}},"line":21},"4":{"name":"(anonymous_4)","decl":{"start":{"line":26,"column":29},"end":{"line":26,"column":30}},"loc":{"start":{"line":26,"column":45},"end":{"line":30,"column":7}},"line":26},"5":{"name":"(anonymous_5)","decl":{"start":{"line":32,"column":28},"end":{"line":32,"column":29}},"loc":{"start":{"line":32,"column":43},"end":{"line":34,"column":7}},"line":32},"6":{"name":"(anonymous_6)","decl":{"start":{"line":36,"column":22},"end":{"line":36,"column":23}},"loc":{"start":{"line":36,"column":37},"end":{"line":38,"column":7}},"line":36},"7":{"name":"(anonymous_7)","decl":{"start":{"line":40,"column":28},"end":{"line":40,"column":29}},"loc":{"start":{"line":40,"column":43},"end":{"line":42,"column":7}},"line":40},"8":{"name":"(anonymous_8)","decl":{"start":{"line":44,"column":27},"end":{"line":44,"column":28}},"loc":{"start":{"line":44,"column":42},"end":{"line":46,"column":7}},"line":44}},"branchMap":{"0":{"loc":{"start":{"line":10,"column":14},"end":{"line":10,"column":22}},"type":"default-arg","locations":[{"start":{"line":10,"column":20},"end":{"line":10,"column":22}}],"line":10},"1":{"loc":{"start":{"line":22,"column":8},"end":{"line":24,"column":9}},"type":"if","locations":[{"start":{"line":22,"column":8},"end":{"line":24,"column":9}},{"start":{"line":22,"column":8},"end":{"line":24,"column":9}}],"line":22},"2":{"loc":{"start":{"line":27,"column":8},"end":{"line":29,"column":9}},"type":"if","locations":[{"start":{"line":27,"column":8},"end":{"line":29,"column":9}},{"start":{"line":27,"column":8},"end":{"line":29,"column":9}}],"line":27},"3":{"loc":{"start":{"line":60,"column":4},"end":{"line":62,"column":9}},"type":"if","locations":[{"start":{"line":60,"column":4},"end":{"line":62,"column":9}},{"start":{"line":60,"column":4},"end":{"line":62,"column":9}}],"line":60},"4":{"loc":{"start":{"line":65,"column":8},"end":{"line":77,"column":9}},"type":"if","locations":[{"start":{"line":65,"column":8},"end":{"line":77,"column":9}},{"start":{"line":65,"column":8},"end":{"line":77,"column":9}}],"line":65},"5":{"loc":{"start":{"line":65,"column":13},"end":{"line":65,"column":53}},"type":"binary-expr","locations":[{"start":{"line":65,"column":13},"end":{"line":65,"column":28}},{"start":{"line":65,"column":32},"end":{"line":65,"column":53}}],"line":65},"6":{"loc":{"start":{"line":66,"column":10},"end":{"line":74,"column":11}},"type":"if","locations":[{"start":{"line":66,"column":10},"end":{"line":74,"column":11}},{"start":{"line":66,"column":10},"end":{"line":74,"column":11}}],"line":66},"7":{"loc":{"start":{"line":68,"column":12},"end":{"line":73,"column":13}},"type":"if","locations":[{"start":{"line":68,"column":12},"end":{"line":73,"column":13}},{"start":{"line":68,"column":12},"end":{"line":73,"column":13}}],"line":68},"8":{"loc":{"start":{"line":68,"column":16},"end":{"line":68,"column":57}},"type":"binary-expr","locations":[{"start":{"line":68,"column":16},"end":{"line":68,"column":37}},{"start":{"line":68,"column":41},"end":{"line":68,"column":57}}],"line":68},"9":{"loc":{"start":{"line":70,"column":14},"end":{"line":72,"column":15}},"type":"if","locations":[{"start":{"line":70,"column":14},"end":{"line":72,"column":15}},{"start":{"line":70,"column":14},"end":{"line":72,"column":15}}],"line":70},"10":{"loc":{"start":{"line":81,"column":8},"end":{"line":93,"column":5}},"type":"if","locations":[{"start":{"line":81,"column":8},"end":{"line":93,"column":5}},{"start":{"line":81,"column":8},"end":{"line":93,"column":5}}],"line":81},"11":{"loc":{"start":{"line":82,"column":9},"end":{"line":92,"column":7}},"type":"if","locations":[{"start":{"line":82,"column":9},"end":{"line":92,"column":7}},{"start":{"line":82,"column":9},"end":{"line":92,"column":7}}],"line":82},"12":{"loc":{"start":{"line":86,"column":11},"end":{"line":90,"column":13}},"type":"if","locations":[{"start":{"line":86,"column":11},"end":{"line":90,"column":13}},{"start":{"line":86,"column":11},"end":{"line":90,"column":13}}],"line":86}},"s":{"0":17,"1":17,"2":17,"3":18,"4":17,"5":17,"6":17,"7":17,"8":17,"9":17,"10":22,"11":19,"12":17,"13":7,"14":5,"15":17,"16":15,"17":17,"18":22,"19":17,"20":26,"21":17,"22":17,"23":17,"24":2,"25":15,"26":15,"27":11,"28":10,"29":10,"30":6,"31":6,"32":4,"33":4,"34":15,"35":7,"36":2,"37":5,"38":3,"39":2,"40":15,"41":4},"f":{"0":17,"1":18,"2":17,"3":22,"4":7,"5":15,"6":22,"7":26,"8":17},"b":{"0":[1],"1":[19,3],"2":[5,2],"3":[2,15],"4":[11,4],"5":[15,11],"6":[10,1],"7":[6,4],"8":[10,7],"9":[4,2],"10":[7,8],"11":[2,5],"12":[3,2]},"_coverageSchema":"43e27e138ebf9cfc5966b082cf9a028302ed4184","hash":"68279e72c77eb48646395ccc30e4760504aa69e5"}
}
